<?xml version="1.0" encoding="UTF-8"?>
<testsuite xmlns:xsi="http://www.w3.org/2001/XMLSchema-instance" xsi:noNamespaceSchemaLocation="https://maven.apache.org/surefire/maven-surefire-plugin/xsd/surefire-test-report.xsd" version="3.0.2" name="lab3.AppTest" time="0.071" tests="1" errors="0" skipped="0" failures="0">
  <properties>
    <property name="sonar.projectName" value="test"/>
    <property name="java.specification.version" value="25"/>
    <property name="sonar.host.url" value="http://localhost:9000"/>
    <property name="sun.jnu.encoding" value="ANSI_X3.4-1968"/>
    <property name="java.class.path" value="/home/czajkub/java/laby/ab/target/test-classes:/home/czajkub/java/laby/ab/target/classes:/home/czajkub/.m2/repository/junit/junit/3.8.1/junit-3.8.1.jar:/home/czajkub/.m2/repository/commons-io/commons-io/2.20.0/commons-io-2.20.0.jar:"/>
    <property name="java.vm.vendor" value="Arch Linux"/>
    <property name="sun.arch.data.model" value="64"/>
    <property name="java.vendor.url" value="https://openjdk.org/"/>
    <property name="os.name" value="Linux"/>
    <property name="java.vm.specification.version" value="25"/>
    <property name="sun.java.launcher" value="SUN_STANDARD"/>
    <property name="user.country" value="US"/>
    <property name="sun.boot.library.path" value="/usr/lib/jvm/java-25-openjdk/lib"/>
    <property name="sun.java.command" value="/home/czajkub/java/laby/ab/target/surefire/surefirebooter-20251025230905606_3.jar /home/czajkub/java/laby/ab/target/surefire 2025-10-25T23-09-03_917-jvmRun1 surefire-20251025230905606_1tmp surefire_0-20251025230905606_2tmp"/>
    <property name="jdk.debug" value="release"/>
    <property name="surefire.test.class.path" value="/home/czajkub/java/laby/ab/target/test-classes:/home/czajkub/java/laby/ab/target/classes:/home/czajkub/.m2/repository/junit/junit/3.8.1/junit-3.8.1.jar:/home/czajkub/.m2/repository/commons-io/commons-io/2.20.0/commons-io-2.20.0.jar:"/>
    <property name="sun.cpu.endian" value="little"/>
    <property name="user.home" value="/home/czajkub"/>
    <property name="user.language" value="en"/>
    <property name="java.specification.vendor" value="Oracle Corporation"/>
    <property name="java.version.date" value="2025-09-16"/>
    <property name="java.home" value="/usr/lib/jvm/java-25-openjdk"/>
    <property name="file.separator" value="/"/>
    <property name="basedir" value="/home/czajkub/java/laby/ab"/>
    <property name="java.vm.compressedOopsMode" value="32-bit"/>
    <property name="line.separator" value="&#10;"/>
    <property name="java.vm.specification.vendor" value="Oracle Corporation"/>
    <property name="java.specification.name" value="Java Platform API Specification"/>
    <property name="surefire.real.class.path" value="/home/czajkub/java/laby/ab/target/surefire/surefirebooter-20251025230905606_3.jar"/>
    <property name="sun.management.compiler" value="HotSpot 64-Bit Tiered Compilers"/>
    <property name="java.runtime.version" value="25.0.1"/>
    <property name="user.name" value="czajkub"/>
    <property name="stdout.encoding" value="ANSI_X3.4-1968"/>
    <property name="path.separator" value=":"/>
    <property name="os.version" value="6.6.87.2-microsoft-standard-WSL2"/>
    <property name="java.runtime.name" value="OpenJDK Runtime Environment"/>
    <property name="file.encoding" value="UTF-8"/>
    <property name="java.vm.name" value="OpenJDK 64-Bit Server VM"/>
    <property name="localRepository" value="/home/czajkub/.m2/repository"/>
    <property name="java.vendor.url.bug" value="https://bugreport.java.com/bugreport/"/>
    <property name="java.io.tmpdir" value="/tmp"/>
    <property name="sonar.token" value="sqp_39bd4862538f241e3b0730dc2289631d038534ee"/>
    <property name="java.version" value="25.0.1"/>
    <property name="user.dir" value="/home/czajkub/java/laby/ab"/>
    <property name="os.arch" value="amd64"/>
    <property name="java.vm.specification.name" value="Java Virtual Machine Specification"/>
    <property name="native.encoding" value="ANSI_X3.4-1968"/>
    <property name="sonar.projectKey" value="test"/>
    <property name="java.library.path" value="/usr/java/packages/lib:/usr/lib64:/lib64:/lib:/usr/lib"/>
    <property name="java.vm.info" value="mixed mode, sharing"/>
    <property name="stderr.encoding" value="ANSI_X3.4-1968"/>
    <property name="java.vendor" value="Arch Linux"/>
    <property name="java.vm.version" value="25.0.1"/>
    <property name="stdin.encoding" value="ANSI_X3.4-1968"/>
    <property name="sun.io.unicode.encoding" value="UnicodeLittle"/>
    <property name="java.class.version" value="69.0"/>
  </properties>
  <testcase name="testApp" classname="lab3.AppTest" time="0.0"/>
</testsuite>